
> frontend@0.0.0 dev
> vite


  VITE v7.1.12  ready in 123 ms

  ➜  Local:   http://localhost:5173/
  ➜  Network: use --host to expose
1:15:08 PM [vite] (client) hmr update /src/pages/UploadPage.jsx, /src/index.css
1:17:16 PM [vite] (client) hmr update /src/pages/UploadPage.jsx, /src/index.css
1:17:31 PM [vite] (client) hmr update /src/pages/UploadPage.jsx, /src/index.css
1:17:42 PM [vite] (client) hmr update /src/pages/UploadPage.jsx, /src/index.css
1:22:30 PM [vite] (client) hmr update /src/pages/UploadPage.jsx, /src/index.css
1:23:04 PM [vite] (client) hmr update /src/pages/UploadPage.jsx, /src/index.css
1:23:04 PM [vite] Internal server error: /home/tec/Documents/Fast/P4/Talk/showoff/frontend/src/pages/UploadPage.jsx: Unterminated JSX contents. (302:12)

  300 |           </form>
  301 |         </motion.div>
> 302 |       </div>
      |             ^
  303 |       )
  304 | }
  305 |
  Plugin: vite:react-babel
  File: /home/tec/Documents/Fast/P4/Talk/showoff/frontend/src/pages/UploadPage.jsx:302:12
  300 |            </form>
  301 |          </motion.div>
  302 |        </div>
      |              ^
  303 |        )
  304 |  }
      at constructor (/home/tec/Documents/Fast/P4/Talk/showoff/frontend/node_modules/@babel/parser/lib/index.js:367:19)
      at JSXParserMixin.raise (/home/tec/Documents/Fast/P4/Talk/showoff/frontend/node_modules/@babel/parser/lib/index.js:6624:19)
      at JSXParserMixin.jsxReadToken (/home/tec/Documents/Fast/P4/Talk/showoff/frontend/node_modules/@babel/parser/lib/index.js:4477:20)
      at JSXParserMixin.getTokenFromCode (/home/tec/Documents/Fast/P4/Talk/showoff/frontend/node_modules/@babel/parser/lib/index.js:4803:12)
      at JSXParserMixin.nextToken (/home/tec/Documents/Fast/P4/Talk/showoff/frontend/node_modules/@babel/parser/lib/index.js:5807:10)
      at JSXParserMixin.next (/home/tec/Documents/Fast/P4/Talk/showoff/frontend/node_modules/@babel/parser/lib/index.js:5717:10)
      at JSXParserMixin.eat (/home/tec/Documents/Fast/P4/Talk/showoff/frontend/node_modules/@babel/parser/lib/index.js:5721:12)
      at JSXParserMixin.expect (/home/tec/Documents/Fast/P4/Talk/showoff/frontend/node_modules/@babel/parser/lib/index.js:6923:15)
      at JSXParserMixin.jsxParseClosingElementAt (/home/tec/Documents/Fast/P4/Talk/showoff/frontend/node_modules/@babel/parser/lib/index.js:4709:10)
      at JSXParserMixin.jsxParseElementAt (/home/tec/Documents/Fast/P4/Talk/showoff/frontend/node_modules/@babel/parser/lib/index.js:4724:37)
      at JSXParserMixin.jsxParseElementAt (/home/tec/Documents/Fast/P4/Talk/showoff/frontend/node_modules/@babel/parser/lib/index.js:4727:32)
      at JSXParserMixin.jsxParseElement (/home/tec/Documents/Fast/P4/Talk/showoff/frontend/node_modules/@babel/parser/lib/index.js:4778:17)
      at JSXParserMixin.parseExprAtom (/home/tec/Documents/Fast/P4/Talk/showoff/frontend/node_modules/@babel/parser/lib/index.js:4788:19)
      at JSXParserMixin.parseExprSubscripts (/home/tec/Documents/Fast/P4/Talk/showoff/frontend/node_modules/@babel/parser/lib/index.js:11145:23)
      at JSXParserMixin.parseUpdate (/home/tec/Documents/Fast/P4/Talk/showoff/frontend/node_modules/@babel/parser/lib/index.js:11130:21)
      at JSXParserMixin.parseMaybeUnary (/home/tec/Documents/Fast/P4/Talk/showoff/frontend/node_modules/@babel/parser/lib/index.js:11110:23)
      at JSXParserMixin.parseMaybeUnaryOrPrivate (/home/tec/Documents/Fast/P4/Talk/showoff/frontend/node_modules/@babel/parser/lib/index.js:10963:61)
      at JSXParserMixin.parseExprOps (/home/tec/Documents/Fast/P4/Talk/showoff/frontend/node_modules/@babel/parser/lib/index.js:10968:23)
      at JSXParserMixin.parseMaybeConditional (/home/tec/Documents/Fast/P4/Talk/showoff/frontend/node_modules/@babel/parser/lib/index.js:10945:23)
      at JSXParserMixin.parseMaybeAssign (/home/tec/Documents/Fast/P4/Talk/showoff/frontend/node_modules/@babel/parser/lib/index.js:10895:21)
      at /home/tec/Documents/Fast/P4/Talk/showoff/frontend/node_modules/@babel/parser/lib/index.js:10864:39
      at JSXParserMixin.allowInAnd (/home/tec/Documents/Fast/P4/Talk/showoff/frontend/node_modules/@babel/parser/lib/index.js:12500:12)
      at JSXParserMixin.parseMaybeAssignAllowIn (/home/tec/Documents/Fast/P4/Talk/showoff/frontend/node_modules/@babel/parser/lib/index.js:10864:17)
      at JSXParserMixin.parseMaybeAssignAllowInOrVoidPattern (/home/tec/Documents/Fast/P4/Talk/showoff/frontend/node_modules/@babel/parser/lib/index.js:12567:17)
      at JSXParserMixin.parseParenAndDistinguishExpression (/home/tec/Documents/Fast/P4/Talk/showoff/frontend/node_modules/@babel/parser/lib/index.js:11747:28)
      at JSXParserMixin.parseExprAtom (/home/tec/Documents/Fast/P4/Talk/showoff/frontend/node_modules/@babel/parser/lib/index.js:11395:23)
      at JSXParserMixin.parseExprAtom (/home/tec/Documents/Fast/P4/Talk/showoff/frontend/node_modules/@babel/parser/lib/index.js:4793:20)
      at JSXParserMixin.parseExprSubscripts (/home/tec/Documents/Fast/P4/Talk/showoff/frontend/node_modules/@babel/parser/lib/index.js:11145:23)
      at JSXParserMixin.parseUpdate (/home/tec/Documents/Fast/P4/Talk/showoff/frontend/node_modules/@babel/parser/lib/index.js:11130:21)
      at JSXParserMixin.parseMaybeUnary (/home/tec/Documents/Fast/P4/Talk/showoff/frontend/node_modules/@babel/parser/lib/index.js:11110:23)
      at JSXParserMixin.parseMaybeUnaryOrPrivate (/home/tec/Documents/Fast/P4/Talk/showoff/frontend/node_modules/@babel/parser/lib/index.js:10963:61)
      at JSXParserMixin.parseExprOps (/home/tec/Documents/Fast/P4/Talk/showoff/frontend/node_modules/@babel/parser/lib/index.js:10968:23)
      at JSXParserMixin.parseMaybeConditional (/home/tec/Documents/Fast/P4/Talk/showoff/frontend/node_modules/@babel/parser/lib/index.js:10945:23)
      at JSXParserMixin.parseMaybeAssign (/home/tec/Documents/Fast/P4/Talk/showoff/frontend/node_modules/@babel/parser/lib/index.js:10895:21)
      at JSXParserMixin.parseExpressionBase (/home/tec/Documents/Fast/P4/Talk/showoff/frontend/node_modules/@babel/parser/lib/index.js:10848:23)
      at /home/tec/Documents/Fast/P4/Talk/showoff/frontend/node_modules/@babel/parser/lib/index.js:10844:39
      at JSXParserMixin.allowInAnd (/home/tec/Documents/Fast/P4/Talk/showoff/frontend/node_modules/@babel/parser/lib/index.js:12495:16)
      at JSXParserMixin.parseExpression (/home/tec/Documents/Fast/P4/Talk/showoff/frontend/node_modules/@babel/parser/lib/index.js:10844:17)
      at JSXParserMixin.parseReturnStatement (/home/tec/Documents/Fast/P4/Talk/showoff/frontend/node_modules/@babel/parser/lib/index.js:13218:28)
      at JSXParserMixin.parseStatementContent (/home/tec/Documents/Fast/P4/Talk/showoff/frontend/node_modules/@babel/parser/lib/index.js:12874:21)
      at JSXParserMixin.parseStatementLike (/home/tec/Documents/Fast/P4/Talk/showoff/frontend/node_modules/@babel/parser/lib/index.js:12843:17)
      at JSXParserMixin.parseStatementListItem (/home/tec/Documents/Fast/P4/Talk/showoff/frontend/node_modules/@babel/parser/lib/index.js:12823:17)
      at JSXParserMixin.parseBlockOrModuleBlockBody (/home/tec/Documents/Fast/P4/Talk/showoff/frontend/node_modules/@babel/parser/lib/index.js:13392:61)
      at JSXParserMixin.parseBlockBody (/home/tec/Documents/Fast/P4/Talk/showoff/frontend/node_modules/@babel/parser/lib/index.js:13385:10)
      at JSXParserMixin.parseBlock (/home/tec/Documents/Fast/P4/Talk/showoff/frontend/node_modules/@babel/parser/lib/index.js:13373:10)
      at JSXParserMixin.parseFunctionBody (/home/tec/Documents/Fast/P4/Talk/showoff/frontend/node_modules/@babel/parser/lib/index.js:12174:24)
      at JSXParserMixin.parseFunctionBodyAndFinish (/home/tec/Documents/Fast/P4/Talk/showoff/frontend/node_modules/@babel/parser/lib/index.js:12160:10)
      at /home/tec/Documents/Fast/P4/Talk/showoff/frontend/node_modules/@babel/parser/lib/index.js:13521:12
      at JSXParserMixin.withSmartMixTopicForbiddingContext (/home/tec/Documents/Fast/P4/Talk/showoff/frontend/node_modules/@babel/parser/lib/index.js:12477:14)
      at JSXParserMixin.parseFunction (/home/tec/Documents/Fast/P4/Talk/showoff/frontend/node_modules/@babel/parser/lib/index.js:13520:10)
1:23:20 PM [vite] (client) hmr update /src/pages/UploadPage.jsx, /src/index.css
1:25:05 PM [vite] (client) hmr update /src/pages/UploadPage.jsx, /src/index.css
1:25:18 PM [vite] (client) hmr update /src/pages/UploadPage.jsx, /src/index.css
1:56:55 PM [vite] (client) hmr update /src/pages/MatchesPage.jsx, /src/index.css
